<?xml version="1.0" encoding="UTF-8"?>
<testng-results skipped="0" failed="1" ignored="0" total="4" passed="3">
  <reporter-output>
  </reporter-output>
  <suite name="Default suite" duration-ms="51618" started-at="2024-07-23T14:36:28 IST" finished-at="2024-07-23T14:37:19 IST">
    <groups>
    </groups>
    <test name="Default test" duration-ms="51618" started-at="2024-07-23T14:36:28 IST" finished-at="2024-07-23T14:37:19 IST">
      <class name="test.WelcomePageTestCase">
        <test-method status="PASS" signature="browserLaunchByGrow()[pri:0, instance:test.WelcomePageTestCase@727803de]" name="browserLaunchByGrow" is-config="true" duration-ms="12406" started-at="2024-07-23T14:36:15 IST" finished-at="2024-07-23T14:36:28 IST">
          <reporter-output>
          </reporter-output>
        </test-method> <!-- browserLaunchByGrow -->
        <test-method status="PASS" signature="createObject()[pri:0, instance:test.WelcomePageTestCase@727803de]" name="createObject" is-config="true" duration-ms="110" started-at="2024-07-23T14:36:28 IST" finished-at="2024-07-23T14:36:28 IST">
          <reporter-output>
          </reporter-output>
        </test-method> <!-- createObject -->
        <test-method status="PASS" signature="loginTestCase()[pri:0, instance:test.WelcomePageTestCase@727803de]" name="loginTestCase" duration-ms="39391" started-at="2024-07-23T14:36:28 IST" finished-at="2024-07-23T14:37:07 IST">
          <reporter-output>
          </reporter-output>
        </test-method> <!-- loginTestCase -->
        <test-method status="PASS" signature="homePageTest()[pri:1, instance:test.WelcomePageTestCase@727803de]" name="homePageTest" duration-ms="4390" started-at="2024-07-23T14:37:07 IST" finished-at="2024-07-23T14:37:11 IST">
          <reporter-output>
          </reporter-output>
        </test-method> <!-- homePageTest -->
        <test-method status="FAIL" signature="readDatafromFile()[pri:2, instance:test.WelcomePageTestCase@727803de]" name="readDatafromFile" duration-ms="4708" started-at="2024-07-23T14:37:11 IST" finished-at="2024-07-23T14:37:16 IST">
          <exception class="java.lang.AssertionError">
            <message>
              <![CDATA[The following asserts failed:
Market capital of Tata Steel expected [₹1,96,928Cr] but found [₹2,00,173Cr]]]>
            </message>
            <full-stacktrace>
              <![CDATA[java.lang.AssertionError: The following asserts failed:
Market capital of Tata Steel expected [₹1,96,928Cr] but found [₹2,00,173Cr]
at org.testng.asserts.SoftAssert.assertAll(SoftAssert.java:47)
at org.testng.asserts.SoftAssert.assertAll(SoftAssert.java:31)
at pages.WelcomeLoginPage.readDatafromFile(WelcomeLoginPage.java:131)
at test.WelcomePageTestCase.readDatafromFile(WelcomePageTestCase.java:29)
at sun.reflect.NativeMethodAccessorImpl.invoke0(Native Method)
at sun.reflect.NativeMethodAccessorImpl.invoke(NativeMethodAccessorImpl.java:62)
at sun.reflect.DelegatingMethodAccessorImpl.invoke(DelegatingMethodAccessorImpl.java:43)
at java.lang.reflect.Method.invoke(Method.java:498)
at org.testng.internal.MethodInvocationHelper.invokeMethod(MethodInvocationHelper.java:133)
at org.testng.internal.TestInvoker.invokeMethod(TestInvoker.java:598)
at org.testng.internal.TestInvoker.invokeTestMethod(TestInvoker.java:173)
at org.testng.internal.MethodRunner.runInSequence(MethodRunner.java:46)
at org.testng.internal.TestInvoker$MethodInvocationAgent.invoke(TestInvoker.java:824)
at org.testng.internal.TestInvoker.invokeTestMethods(TestInvoker.java:146)
at org.testng.internal.TestMethodWorker.invokeTestMethods(TestMethodWorker.java:146)
at org.testng.internal.TestMethodWorker.run(TestMethodWorker.java:128)
at java.util.ArrayList.forEach(ArrayList.java:1257)
at org.testng.TestRunner.privateRun(TestRunner.java:794)
at org.testng.TestRunner.run(TestRunner.java:596)
at org.testng.SuiteRunner.runTest(SuiteRunner.java:377)
at org.testng.SuiteRunner.runSequentially(SuiteRunner.java:371)
at org.testng.SuiteRunner.privateRun(SuiteRunner.java:332)
at org.testng.SuiteRunner.run(SuiteRunner.java:276)
at org.testng.SuiteRunnerWorker.runSuite(SuiteRunnerWorker.java:53)
at org.testng.SuiteRunnerWorker.run(SuiteRunnerWorker.java:96)
at org.testng.TestNG.runSuitesSequentially(TestNG.java:1212)
at org.testng.TestNG.runSuitesLocally(TestNG.java:1134)
at org.testng.TestNG.runSuites(TestNG.java:1063)
at org.testng.TestNG.run(TestNG.java:1031)
at org.testng.remote.AbstractRemoteTestNG.run(AbstractRemoteTestNG.java:115)
at org.testng.remote.RemoteTestNG.initAndRun(RemoteTestNG.java:251)
at org.testng.remote.RemoteTestNG.main(RemoteTestNG.java:77)
]]>
            </full-stacktrace>
          </exception> <!-- java.lang.AssertionError -->
          <reporter-output>
          </reporter-output>
        </test-method> <!-- readDatafromFile -->
        <test-method status="PASS" signature="writeData()[pri:3, instance:test.WelcomePageTestCase@727803de]" name="writeData" duration-ms="2919" started-at="2024-07-23T14:37:16 IST" finished-at="2024-07-23T14:37:19 IST">
          <reporter-output>
          </reporter-output>
        </test-method> <!-- writeData -->
        <test-method status="PASS" signature="closeBrowser()[pri:0, instance:test.WelcomePageTestCase@727803de]" name="closeBrowser" is-config="true" duration-ms="2" started-at="2024-07-23T14:37:19 IST" finished-at="2024-07-23T14:37:19 IST">
          <reporter-output>
          </reporter-output>
        </test-method> <!-- closeBrowser -->
      </class> <!-- test.WelcomePageTestCase -->
    </test> <!-- Default test -->
  </suite> <!-- Default suite -->
</testng-results>
